<?xml version="1.0" ?>
<!DOCTYPE coverage SYSTEM "http://cobertura.sourceforge.net/xml/coverage-04.dtd">
<coverage lines-valid="2" lines-covered="2" line-rate="1" branches-valid="0" branches-covered="0" branch-rate="1" timestamp="1678690826598" complexity="0" version="0.1">
  <sources>
    <source>/Users/pkhome/MYDATA/REACTNATIVE/TestApp</source>
  </sources>
  <packages>
    <package name="main" line-rate="1" branch-rate="1">
      <classes>
        <class name="App.tsx" filename="src/App.tsx" line-rate="1" branch-rate="1">
          <methods>
            <method name="(anonymous_0)" hits="1" signature="()V">
              <lines>
                <line number="9" hits="1"/>
              </lines>
            </method>
          </methods>
          <lines>
            <line number="9" hits="1" branch="false"/>
            <line number="10" hits="1" branch="false"/>
          </lines>
        </class>
      </classes>
    </package>
  </packages>
</coverage>
